2026-01-01 11:43:26,961 [INFO] ✅ Directories initialized
2026-01-01 11:43:26,962 [INFO] ======================================================================
2026-01-01 11:43:26,962 [INFO] 🚀 Hyperliquid Data Collection System - Bucket 400k-1.2m
2026-01-01 11:43:26,962 [INFO] ======================================================================
2026-01-01 11:43:26,962 [INFO] Volume Range: $400,000 - $1,200,000
2026-01-01 11:43:26,962 [INFO] Timeframe: 15m
2026-01-01 11:43:26,962 [INFO] Post-exit tracking: 10 days
2026-01-01 11:43:26,962 [INFO] Data retention: 365 days
2026-01-01 11:43:26,962 [INFO] ======================================================================
2026-01-01 11:43:26,962 [INFO] ======================================================================
2026-01-01 11:43:26,962 [INFO] 🔍 DETECTOR START - 2026-01-01 11:43 UTC
2026-01-01 11:43:26,962 [INFO] ======================================================================
2026-01-01 11:43:26,962 [INFO] 
📡 Fetching market data...
2026-01-01 11:43:27,408 [INFO] ✅ Fetched 224 perpetual tokens
2026-01-01 11:43:27,987 [INFO] ✅ Fetched volume data for 224 tokens
2026-01-01 11:43:27,988 [INFO] ✅ 46 tokens in $400,000 - $1,200,000 range
2026-01-01 11:43:27,988 [INFO] 
📊 Fetching 15m candles for 46 tokens...
2026-01-01 11:43:31,983 [INFO]    Progress: 10/46
2026-01-01 11:43:35,717 [INFO]    Progress: 20/46
2026-01-01 11:43:39,828 [INFO]    Progress: 30/46
2026-01-01 11:43:43,814 [INFO]    Progress: 40/46
2026-01-01 11:43:46,858 [INFO] ✅ Fetched data for 46 tokens
2026-01-01 11:43:46,859 [INFO] 
🧮 Calculating Top 6 rankings...
2026-01-01 11:43:46,859 [INFO] 🔄 Analyzing 2,070 ratio pairs...
2026-01-01 11:47:18,624 [INFO] ✅ Completed: 2,070/2,070 successful (100.0%)
2026-01-01 11:47:18,624 [INFO] 
======================================================================
2026-01-01 11:47:18,624 [INFO] ⚡ TOP 6 - 11:47 UTC
2026-01-01 11:47:18,624 [INFO] ======================================================================
2026-01-01 11:47:18,624 [INFO] #1  WCT       Score:  90  Volume: $449.0K
2026-01-01 11:47:18,624 [INFO] #2  ZEN       Score:  88  Volume: $462.6K
2026-01-01 11:47:18,624 [INFO] #3  BERA      Score:  86  Volume: $728.2K
2026-01-01 11:47:18,624 [INFO] #4  ICP       Score:  84  Volume: $822.3K
2026-01-01 11:47:18,624 [INFO] #5  MOODENG   Score:  82  Volume: $499.5K
2026-01-01 11:47:18,624 [INFO] #6  EIGEN     Score:  80  Volume: $914.4K
2026-01-01 11:47:18,624 [INFO] ======================================================================
2026-01-01 11:47:18,625 [INFO] 
📢 COMPOSITION CHANGES DETECTED
2026-01-01 11:47:18,625 [INFO]    ➕ New entries: WCT, ZEN, BERA, ICP, MOODENG, EIGEN
2026-01-01 11:47:18,625 [INFO] 🆕 New tracking: WCT (Run 1)
2026-01-01 11:47:18,625 [INFO] 🆕 New tracking: ZEN (Run 1)
2026-01-01 11:47:18,625 [INFO] 🆕 New tracking: BERA (Run 1)
2026-01-01 11:47:18,625 [INFO] 🆕 New tracking: ICP (Run 1)
2026-01-01 11:47:18,625 [INFO] 🆕 New tracking: MOODENG (Run 1)
2026-01-01 11:47:18,625 [INFO] 🆕 New tracking: EIGEN (Run 1)
2026-01-01 11:47:18,625 [INFO] 
📊 Active Tracking Summary:
2026-01-01 11:47:18,626 [INFO]    • In Top 6: 6 tokens
2026-01-01 11:47:18,626 [INFO]    • Post-exit: 0 tokens
2026-01-01 11:47:18,626 [INFO]    • Total active: 6 tokens
2026-01-01 11:47:18,626 [INFO] 
======================================================================
2026-01-01 11:47:18,626 [INFO] ✅ DETECTOR COMPLETE - 2026-01-01 11:47 UTC
2026-01-01 11:47:18,626 [INFO] ======================================================================
2026-01-01 11:55:34,146 [INFO] ✅ Directories initialized
2026-01-01 11:55:34,146 [INFO] ======================================================================
2026-01-01 11:55:34,146 [INFO] 🚀 Hyperliquid Data Collection System - Bucket 400k-1.2m
2026-01-01 11:55:34,146 [INFO] ======================================================================
2026-01-01 11:55:34,147 [INFO] Volume Range: $400,000 - $1,200,000
2026-01-01 11:55:34,147 [INFO] Timeframe: 15m
2026-01-01 11:55:34,147 [INFO] Post-exit tracking: 10 days
2026-01-01 11:55:34,147 [INFO] Data retention: 365 days
2026-01-01 11:55:34,147 [INFO] ======================================================================
2026-01-01 11:55:34,147 [INFO] ======================================================================
2026-01-01 11:55:34,147 [INFO] 🔍 DETECTOR START - 2026-01-01 11:55 UTC
2026-01-01 11:55:34,147 [INFO] ======================================================================
2026-01-01 11:55:34,147 [INFO] 
📡 Fetching market data...
2026-01-01 11:55:34,464 [INFO] ✅ Fetched 224 perpetual tokens
2026-01-01 11:55:34,727 [INFO] ✅ Fetched volume data for 224 tokens
2026-01-01 11:55:34,728 [INFO] ✅ 44 tokens in $400,000 - $1,200,000 range
2026-01-01 11:55:34,729 [INFO] 
📊 Fetching 15m candles for 44 tokens...
2026-01-01 11:55:38,225 [INFO]    Progress: 10/44
2026-01-01 11:55:41,564 [INFO]    Progress: 20/44
2026-01-01 11:55:45,314 [INFO]    Progress: 30/44
2026-01-01 11:55:49,245 [INFO]    Progress: 40/44
2026-01-01 11:55:50,949 [INFO] ✅ Fetched data for 44 tokens
2026-01-01 11:55:50,949 [INFO] 
🧮 Calculating Top 6 rankings...
2026-01-01 11:55:50,949 [INFO] 🔄 Analyzing 1,892 ratio pairs...
2026-01-01 11:59:04,710 [INFO] ✅ Completed: 1,892/1,892 successful (100.0%)
2026-01-01 11:59:04,710 [INFO] 
======================================================================
2026-01-01 11:59:04,710 [INFO] ⚡ TOP 6 - 11:59 UTC
2026-01-01 11:59:04,710 [INFO] ======================================================================
2026-01-01 11:59:04,710 [INFO] #1  ZEN       Score:  86  Volume: $535.6K
2026-01-01 11:59:04,710 [INFO] #2  WCT       Score:  84  Volume: $448.6K
2026-01-01 11:59:04,710 [INFO] #3  BERA      Score:  82  Volume: $738.1K
2026-01-01 11:59:04,710 [INFO] #4  ICP       Score:  80  Volume: $820.7K
2026-01-01 11:59:04,710 [INFO] #5  MAVIA     Score:  78  Volume: $892.1K
2026-01-01 11:59:04,710 [INFO] #6  MOODENG   Score:  76  Volume: $402.6K
2026-01-01 11:59:04,710 [INFO] ======================================================================
2026-01-01 11:59:04,710 [INFO] 
📢 COMPOSITION CHANGES DETECTED
2026-01-01 11:59:04,710 [INFO]    ➕ New entries: MAVIA
2026-01-01 11:59:04,710 [INFO]    ➖ Dropped out: EIGEN
2026-01-01 11:59:04,711 [INFO] 🆕 New tracking: MAVIA (Run 1)
2026-01-01 11:59:04,711 [INFO] 📉 Dropout: EIGEN (tracking until 2026-01-11 11:59 UTC)
2026-01-01 11:59:04,711 [INFO] 
📊 Active Tracking Summary:
2026-01-01 11:59:04,711 [INFO]    • In Top 6: 6 tokens
2026-01-01 11:59:04,711 [INFO]    • Post-exit: 1 tokens
2026-01-01 11:59:04,711 [INFO]    • Total active: 7 tokens
2026-01-01 11:59:04,711 [INFO] 
======================================================================
2026-01-01 11:59:04,712 [INFO] ✅ DETECTOR COMPLETE - 2026-01-01 11:59 UTC
2026-01-01 11:59:04,712 [INFO] ======================================================================
